This is pdfTeX, Version 3.141592653-2.6-1.40.24 (MiKTeX 22.10) (preloaded format=pdflatex 2022.11.9)  16 FEB 2023 22:27
entering extended mode
 restricted \write18 enabled.
 file:line:error style messages enabled.
 %&-line parsing enabled.
**"c:/Users/rodmi/OneDrive - University of Aberdeen/University/Year 5 - Financial Technology/BU5526 - Portfolio Analysis/Lecture Notes/lecturenotes.tex"
(c:/Users/rodmi/OneDrive - University of Aberdeen/University/Year 5 - Financial Technology/BU5526 - Portfolio Analysis/Lecture Notes/lecturenotes.tex
LaTeX2e <2022-06-01> patch level 5
L3 programming layer <2022-10-26> (C:\Users\rodmi\AppData\Local\Programs\MiKTeX\tex/latex/base\report.cls
Document Class: report 2021/10/04 v1.4n Standard LaTeX document class
(C:\Users\rodmi\AppData\Local\Programs\MiKTeX\tex/latex/base\size11.clo
File: size11.clo 2021/10/04 v1.4n Standard LaTeX file (size option)
)
\c@part=\count185
\c@chapter=\count186
\c@section=\count187
\c@subsection=\count188
\c@subsubsection=\count189
\c@paragraph=\count190
\c@subparagraph=\count191
\c@figure=\count192
\c@table=\count193
\abovecaptionskip=\skip47
\belowcaptionskip=\skip48
\bibindent=\dimen138
) (C:\Users\rodmi\AppData\Local\Programs\MiKTeX\tex/latex/graphics\graphicx.sty
Package: graphicx 2021/09/16 v1.2d Enhanced LaTeX Graphics (DPC,SPQR)
 (C:\Users\rodmi\AppData\Local\Programs\MiKTeX\tex/latex/graphics\keyval.sty
Package: keyval 2022/05/29 v1.15 key=value parser (DPC)
\KV@toks@=\toks16
) (C:\Users\rodmi\AppData\Local\Programs\MiKTeX\tex/latex/graphics\graphics.sty
Package: graphics 2022/03/10 v1.4e Standard LaTeX Graphics (DPC,SPQR)
 (C:\Users\rodmi\AppData\Local\Programs\MiKTeX\tex/latex/graphics\trig.sty
Package: trig 2021/08/11 v1.11 sin cos tan (DPC)
) (C:\Users\rodmi\AppData\Local\Programs\MiKTeX\tex/latex/graphics-cfg\graphics.cfg
File: graphics.cfg 2016/06/04 v1.11 sample graphics configuration
)
Package graphics Info: Driver file: pdftex.def on input line 107.
 (C:\Users\rodmi\AppData\Local\Programs\MiKTeX\tex/latex/graphics-def\pdftex.def
File: pdftex.def 2022/09/22 v1.2b Graphics/color driver for pdftex
\stockwidth=\dimen139
\stockheight=\dimen140
))
\Gin@req@height=\dimen141
\Gin@req@width=\dimen142
) (C:\Users\rodmi\AppData\Local\Programs\MiKTeX\tex/latex/hyperref\hyperref.sty
Package: hyperref 2022-11-13 v7.00u Hypertext links for LaTeX
 (C:\Users\rodmi\AppData\Local\Programs\MiKTeX\tex/generic/ltxcmds\ltxcmds.sty
Package: ltxcmds 2020-05-10 v1.25 LaTeX kernel commands for general use (HO)
) (C:\Users\rodmi\AppData\Local\Programs\MiKTeX\tex/generic/iftex\iftex.sty
Package: iftex 2022/02/03 v1.0f TeX engine tests
) (C:\Users\rodmi\AppData\Local\Programs\MiKTeX\tex/generic/pdftexcmds\pdftexcmds.sty
Package: pdftexcmds 2020-06-27 v0.33 Utility functions of pdfTeX for LuaTeX (HO)
 (C:\Users\rodmi\AppData\Local\Programs\MiKTeX\tex/generic/infwarerr\infwarerr.sty
Package: infwarerr 2019/12/03 v1.5 Providing info/warning/error messages (HO)
)
Package pdftexcmds Info: \pdf@primitive is available.
Package pdftexcmds Info: \pdf@ifprimitive is available.
Package pdftexcmds Info: \pdfdraftmode found.
) (C:\Users\rodmi\AppData\Local\Programs\MiKTeX\tex/latex/kvsetkeys\kvsetkeys.sty
Package: kvsetkeys 2022-10-05 v1.19 Key value parser (HO)
) (C:\Users\rodmi\AppData\Local\Programs\MiKTeX\tex/generic/kvdefinekeys\kvdefinekeys.sty
Package: kvdefinekeys 2019-12-19 v1.6 Define keys (HO)
) (C:\Users\rodmi\AppData\Local\Programs\MiKTeX\tex/generic/pdfescape\pdfescape.sty
Package: pdfescape 2019/12/09 v1.15 Implements pdfTeX's escape features (HO)
) (C:\Users\rodmi\AppData\Local\Programs\MiKTeX\tex/latex/hycolor\hycolor.sty
Package: hycolor 2020-01-27 v1.10 Color options for hyperref/bookmark (HO)
) (C:\Users\rodmi\AppData\Local\Programs\MiKTeX\tex/latex/letltxmacro\letltxmacro.sty
Package: letltxmacro 2019/12/03 v1.6 Let assignment for LaTeX macros (HO)
) (C:\Users\rodmi\AppData\Local\Programs\MiKTeX\tex/latex/auxhook\auxhook.sty
Package: auxhook 2019-12-17 v1.6 Hooks for auxiliary files (HO)
) (C:\Users\rodmi\AppData\Local\Programs\MiKTeX\tex/latex/hyperref\nameref.sty
Package: nameref 2022-05-17 v2.50 Cross-referencing by name of section
 (C:\Users\rodmi\AppData\Local\Programs\MiKTeX\tex/latex/refcount\refcount.sty
Package: refcount 2019/12/15 v3.6 Data extraction from label references (HO)
) (C:\Users\rodmi\AppData\Local\Programs\MiKTeX\tex/generic/gettitlestring\gettitlestring.sty
Package: gettitlestring 2019/12/15 v1.6 Cleanup title references (HO)
 (C:\Users\rodmi\AppData\Local\Programs\MiKTeX\tex/latex/kvoptions\kvoptions.sty
Package: kvoptions 2022-06-15 v3.15 Key value format for package options (HO)
))
\c@section@level=\count194
)
\@linkdim=\dimen143
\Hy@linkcounter=\count195
\Hy@pagecounter=\count196
 (C:\Users\rodmi\AppData\Local\Programs\MiKTeX\tex/latex/hyperref\pd1enc.def
File: pd1enc.def 2022-11-13 v7.00u Hyperref: PDFDocEncoding definition (HO)
Now handling font encoding PD1 ...
... no UTF-8 mapping file for font encoding PD1
) (C:\Users\rodmi\AppData\Local\Programs\MiKTeX\tex/generic/intcalc\intcalc.sty
Package: intcalc 2019/12/15 v1.3 Expandable calculations with integers (HO)
) (C:\Users\rodmi\AppData\Local\Programs\MiKTeX\tex/generic/etexcmds\etexcmds.sty
Package: etexcmds 2019/12/15 v1.7 Avoid name clashes with e-TeX commands (HO)
)
\Hy@SavedSpaceFactor=\count197
 (C:\Users\rodmi\AppData\Local\Programs\MiKTeX\tex/latex/hyperref\puenc.def
File: puenc.def 2022-11-13 v7.00u Hyperref: PDF Unicode definition (HO)
Now handling font encoding PU ...
... no UTF-8 mapping file for font encoding PU
)
Package hyperref Info: Hyper figures OFF on input line 4162.
Package hyperref Info: Link nesting OFF on input line 4167.
Package hyperref Info: Hyper index ON on input line 4170.
Package hyperref Info: Plain pages OFF on input line 4177.
Package hyperref Info: Backreferencing OFF on input line 4182.
Package hyperref Info: Implicit mode ON; LaTeX internals redefined.
Package hyperref Info: Bookmarks ON on input line 4410.
\c@Hy@tempcnt=\count198
 (C:\Users\rodmi\AppData\Local\Programs\MiKTeX\tex/latex/url\url.sty
\Urlmuskip=\muskip16
Package: url 2013/09/16  ver 3.4  Verb mode for urls, etc.
)
LaTeX Info: Redefining \url on input line 4748.
\XeTeXLinkMargin=\dimen144
 (C:\Users\rodmi\AppData\Local\Programs\MiKTeX\tex/generic/bitset\bitset.sty
Package: bitset 2019/12/09 v1.3 Handle bit-vector datatype (HO)
 (C:\Users\rodmi\AppData\Local\Programs\MiKTeX\tex/generic/bigintcalc\bigintcalc.sty
Package: bigintcalc 2019/12/15 v1.5 Expandable calculations on big integers (HO)
))
\Fld@menulength=\count199
\Field@Width=\dimen145
\Fld@charsize=\dimen146
Package hyperref Info: Hyper figures OFF on input line 6027.
Package hyperref Info: Link nesting OFF on input line 6032.
Package hyperref Info: Hyper index ON on input line 6035.
Package hyperref Info: backreferencing OFF on input line 6042.
Package hyperref Info: Link coloring OFF on input line 6047.
Package hyperref Info: Link coloring with OCG OFF on input line 6052.
Package hyperref Info: PDF/A mode OFF on input line 6057.
 (C:\Users\rodmi\AppData\Local\Programs\MiKTeX\tex/latex/base\atbegshi-ltx.sty
Package: atbegshi-ltx 2021/01/10 v1.0c Emulation of the original atbegshi
package with kernel methods
)
\Hy@abspage=\count266
\c@Item=\count267
\c@Hfootnote=\count268
)
Package hyperref Info: Driver (autodetected): hpdftex.
 (C:\Users\rodmi\AppData\Local\Programs\MiKTeX\tex/latex/hyperref\hpdftex.def
File: hpdftex.def 2022-11-13 v7.00u Hyperref driver for pdfTeX
 (C:\Users\rodmi\AppData\Local\Programs\MiKTeX\tex/latex/base\atveryend-ltx.sty
Package: atveryend-ltx 2020/08/19 v1.0a Emulation of the original atveryend package
with kernel methods
)
\Fld@listcount=\count269
\c@bookmark@seq@number=\count270
 (C:\Users\rodmi\AppData\Local\Programs\MiKTeX\tex/latex/rerunfilecheck\rerunfilecheck.sty
Package: rerunfilecheck 2022-07-10 v1.10 Rerun checks for auxiliary files (HO)
 (C:\Users\rodmi\AppData\Local\Programs\MiKTeX\tex/generic/uniquecounter\uniquecounter.sty
Package: uniquecounter 2019/12/15 v1.4 Provide unlimited unique counter (HO)
)
Package uniquecounter Info: New unique counter `rerunfilecheck' on input line 285.
)
\Hy@SectionHShift=\skip49
)
Package hyperref Info: Option `colorlinks' set `true' on input line 12.
 (C:\Users\rodmi\AppData\Local\Programs\MiKTeX\tex/latex/l3backend\l3backend-pdftex.def
File: l3backend-pdftex.def 2022-10-26 L3 backend support: PDF output (pdfTeX)
\l__color_backend_stack_int=\count271
\l__pdf_internal_box=\box51
) (lecturenotes.aux)
\openout1 = `lecturenotes.aux'.

LaTeX Font Info:    Checking defaults for OML/cmm/m/it on input line 20.
LaTeX Font Info:    ... okay on input line 20.
LaTeX Font Info:    Checking defaults for OMS/cmsy/m/n on input line 20.
LaTeX Font Info:    ... okay on input line 20.
LaTeX Font Info:    Checking defaults for OT1/cmr/m/n on input line 20.
LaTeX Font Info:    ... okay on input line 20.
LaTeX Font Info:    Checking defaults for T1/cmr/m/n on input line 20.
LaTeX Font Info:    ... okay on input line 20.
LaTeX Font Info:    Checking defaults for TS1/cmr/m/n on input line 20.
LaTeX Font Info:    ... okay on input line 20.
LaTeX Font Info:    Checking defaults for OMX/cmex/m/n on input line 20.
LaTeX Font Info:    ... okay on input line 20.
LaTeX Font Info:    Checking defaults for U/cmr/m/n on input line 20.
LaTeX Font Info:    ... okay on input line 20.
LaTeX Font Info:    Checking defaults for PD1/pdf/m/n on input line 20.
LaTeX Font Info:    ... okay on input line 20.
LaTeX Font Info:    Checking defaults for PU/pdf/m/n on input line 20.
LaTeX Font Info:    ... okay on input line 20.
 (C:\Users\rodmi\AppData\Local\Programs\MiKTeX\tex/context/base/mkii\supp-pdf.mkii
[Loading MPS to PDF converter (version 2006.09.02).]
\scratchcounter=\count272
\scratchdimen=\dimen147
\scratchbox=\box52
\nofMPsegments=\count273
\nofMParguments=\count274
\everyMPshowfont=\toks17
\MPscratchCnt=\count275
\MPscratchDim=\dimen148
\MPnumerator=\count276
\makeMPintoPDFobject=\count277
\everyMPtoPDFconversion=\toks18
) (C:\Users\rodmi\AppData\Local\Programs\MiKTeX\tex/latex/epstopdf-pkg\epstopdf-base.sty
Package: epstopdf-base 2020-01-24 v2.11 Base part for package epstopdf
Package epstopdf-base Info: Redefining graphics rule for `.eps' on input line 485.
 (C:\Users\rodmi\AppData\Local\Programs\MiKTeX\tex/latex/00miktex\epstopdf-sys.cfg
File: epstopdf-sys.cfg 2021/03/18 v2.0 Configuration of epstopdf for MiKTeX
)) (C:\Users\rodmi\AppData\Local\Programs\MiKTeX\tex/latex/graphics\color.sty
Package: color 2022/01/06 v1.3d Standard LaTeX Color (DPC)
 (C:\Users\rodmi\AppData\Local\Programs\MiKTeX\tex/latex/graphics-cfg\color.cfg
File: color.cfg 2016/01/02 v1.6 sample color configuration
)
Package color Info: Driver file: pdftex.def on input line 149.
 (C:\Users\rodmi\AppData\Local\Programs\MiKTeX\tex/latex/graphics\mathcolor.ltx))
Package hyperref Info: Link coloring ON on input line 20.
 (lecturenotes.out) (lecturenotes.out)
\@outlinefile=\write3
\openout3 = `lecturenotes.out'.

LaTeX Font Info:    External font `cmex10' loaded for size
(Font)              <12> on input line 22.
LaTeX Font Info:    External font `cmex10' loaded for size
(Font)              <8> on input line 22.
LaTeX Font Info:    External font `cmex10' loaded for size
(Font)              <6> on input line 22.
 [1

{C:/Users/rodmi/AppData/Local/MiKTeX/fonts/map/pdftex/pdftex.map}] (lecturenotes.toc
LaTeX Font Info:    External font `cmex10' loaded for size
(Font)              <10.95> on input line 2.

pdfTeX warning (ext4): destination with the same identifier (name{page.1}) has been already used, duplicate ignored
<to be read again> 
                   \relax 
l.37 ...Downside Protection}{12}{subsection.2.1.7}
                                                  % [1

] [2])
\tf@toc=\write4
\openout4 = `lecturenotes.toc'.

 [3]
Chapter 1.
[4

] [5] [6] [7] [8] [9]
Chapter 2.
[10

] [11]
<images/totalrisk.png, id=533, 1632.0975pt x 1244.65pt>
File: images/totalrisk.png Graphic file (type png)
<use images/totalrisk.png>
Package pdftex.def Info: images/totalrisk.png  used on input line 265.
(pdftex.def)             Requested size: 360.0pt x 274.52654pt.
 [12 <./images/totalrisk.png>] [13] [14] [15]
<images/cap.png, id=556, 2569.6pt x 1835.85875pt>
File: images/cap.png Graphic file (type png)
<use images/cap.png>
Package pdftex.def Info: images/cap.png  used on input line 387.
(pdftex.def)             Requested size: 360.0pt x 257.18655pt.
 [16 <./images/cap.png>] [17]
<images/Risk-Aversion-for-Different-Types-of-Investors.png, id=566, 977.6525pt x 670.505pt>
File: images/Risk-Aversion-for-Different-Types-of-Investors.png Graphic file (type png)
<use images/Risk-Aversion-for-Different-Types-of-Investors.png>
Package pdftex.def Info: images/Risk-Aversion-for-Different-Types-of-Investors.png  used on input line 456.
(pdftex.def)             Requested size: 360.0pt x 246.89616pt.


LaTeX Warning: `h' float specifier changed to `ht'.

[18] [19 <./images/Risk-Aversion-for-Different-Types-of-Investors.png (PNG copy)>] [20]
Chapter 3.
[21

]
<images/CML.png, id=584, 457.71pt x 328.8285pt>
File: images/CML.png Graphic file (type png)
<use images/CML.png>
Package pdftex.def Info: images/CML.png  used on input line 531.
(pdftex.def)             Requested size: 360.0pt x 258.64273pt.
 [22 <./images/CML.png>]
<images/cml risk return.jpg, id=591, 515.06133pt x 463.915pt>
File: images/cml risk return.jpg Graphic file (type jpg)
<use images/cml risk return.jpg>
Package pdftex.def Info: images/cml risk return.jpg  used on input line 550.
(pdftex.def)             Requested size: 360.0pt x 324.26399pt.
<images/cml risk return w_borrowinglending.jpg, id=592, 549.69pt x 433.62pt>
File: images/cml risk return w_borrowinglending.jpg Graphic file (type jpg)
<use images/cml risk return w_borrowinglending.jpg>
Package pdftex.def Info: images/cml risk return w_borrowinglending.jpg  used on input line 558.
(pdftex.def)             Requested size: 360.0pt x 283.98018pt.


LaTeX Warning: `h' float specifier changed to `ht'.

[23 <./images/cml risk return.jpg>] [24 <./images/cml risk return w_borrowinglending.jpg>] [25] [26] [27] [28]
<images/sml.png, id=618, 461.92575pt x 268.6035pt>
File: images/sml.png Graphic file (type png)
<use images/sml.png>
Package pdftex.def Info: images/sml.png  used on input line 711.
(pdftex.def)             Requested size: 360.0pt x 209.34184pt.
 [29 <./images/sml.png>] [30] [31]
<images/SCL.png, id=637, 508.90125pt x 299.9205pt>
File: images/SCL.png Graphic file (type png)
<use images/SCL.png>
Package pdftex.def Info: images/SCL.png  used on input line 789.
(pdftex.def)             Requested size: 360.0pt x 212.17162pt.
 [32 <./images/SCL.png>]
<images/security selection.png, id=644, 452.892pt x 284.262pt>
File: images/security selection.png Graphic file (type png)
<use images/security selection.png>
Package pdftex.def Info: images/security selection.png  used on input line 826.
(pdftex.def)             Requested size: 360.0pt x 225.96117pt.
 [33 <./images/security selection.png>] [34] [35] [36] [37] [38] [39]
Chapter 4.
[40

] [41]
<images/prospect theroy.png, id=698, 404.712pt x 199.947pt>
File: images/prospect theroy.png Graphic file (type png)
<use images/prospect theroy.png>
Package pdftex.def Info: images/prospect theroy.png  used on input line 1059.
(pdftex.def)             Requested size: 360.0pt x 177.86684pt.


LaTeX Warning: `h' float specifier changed to `ht'.

[42] [43 <./images/prospect theroy.png>] [44] [45] [46] (lecturenotes.aux)
Package rerunfilecheck Info: File `lecturenotes.out' has not changed.
(rerunfilecheck)             Checksum: D85AB6AAE346E0C37F7C0AC17FA3B99F;16888.
 ) 
Here is how much of TeX's memory you used:
 8557 strings out of 477314
 139313 string characters out of 2827706
 480613 words of memory out of 3000000
 29436 multiletter control sequences out of 15000+600000
 476329 words of font info for 51 fonts, out of 8000000 for 9000
 0 hyphenation exceptions out of 8191
 72i,7n,77p,533b,564s stack positions out of 10000i,1000n,20000p,200000b,80000s
 <C:\Users\rodmi\AppData\Local\MiKTeX\fonts/pk/ljfour/public/cm/dpi657\cmti10.pk> <C:\Users\rodmi\AppData\Local\MiKTeX\fonts/pk/ljfour/public/cm/dpi600\cmsy8.pk> <C:\Users\rodmi\AppData\Local\MiKTeX\fonts/pk/ljfour/public/cm/dpi600\cmr6.pk> <C:\Users\rodmi\AppData\Local\MiKTeX\fonts/pk/ljfour/public/cm/dpi600\cmex10.pk> <C:\Users\rodmi\AppData\Local\MiKTeX\fonts/pk/ljfour/public/cm/dpi600\cmmi6.pk> <C:\Users\rodmi\AppData\Local\MiKTeX\fonts/pk/ljfour/public/cm/dpi657\cmsy10.pk> <C:\Users\rodmi\AppData\Local\MiKTeX\fonts/pk/ljfour/public/cm/dpi600\cmmi8.pk> <C:\Users\rodmi\AppData\Local\MiKTeX\fonts/pk/ljfour/public/cm/dpi600\cmr8.pk> <C:\Users\rodmi\AppData\Local\MiKTeX\fonts/pk/ljfour/public/cm/dpi657\cmmi10.pk> <C:\Users\rodmi\AppData\Local\MiKTeX\fonts/pk/ljfour/jknappen/ec/dpi600\tcrm1095.pk> <C:\Users\rodmi\AppData\Local\MiKTeX\fonts/pk/ljfour/public/cm/dpi600\cmbx12.pk> <C:\Users\rodmi\AppData\Local\MiKTeX\fonts/pk/ljfour/public/cm/dpi720\cmbx12.pk> <C:\Users\rodmi\AppData\Local\MiKTeX\fonts/pk/ljfour/public/cm/dpi1037\cmbx12.pk> <C:\Users\rodmi\AppData\Local\MiKTeX\fonts/pk/ljfour/public/cm/dpi657\cmr10.pk> <C:\Users\rodmi\AppData\Local\MiKTeX\fonts/pk/ljfour/public/cm/dpi657\cmbx10.pk> <C:\Users\rodmi\AppData\Local\MiKTeX\fonts/pk/ljfour/public/cm/dpi1244\cmbx12.pk> <C:\Users\rodmi\AppData\Local\MiKTeX\fonts/pk/ljfour/public/cm/dpi600\cmr12.pk> <C:\Users\rodmi\AppData\Local\MiKTeX\fonts/pk/ljfour/public/cm/dpi600\cmr17.pk>
Output written on lecturenotes.pdf (47 pages, 906425 bytes).
PDF statistics:
 1282 PDF objects out of 1440 (max. 8388607)
 168 named destinations out of 1000 (max. 500000)
 787 words of extra memory for PDF output out of 10000 (max. 10000000)

